<?xml version="1.0" encoding="UTF-8"?>
<!-- Generated by org.testng.reporters.JUnitReportReporter -->
<testsuite hostname="LENOVO" failures="0" tests="3" name="DockerAssignment.SeleniumGridTest" time="65.452" errors="0" timestamp="2024-07-24T19:18:57 IST" skipped="0">
  <testcase classname="DockerAssignment.SeleniumGridTest" name="CrossBrowserTest" time="22.215"/>
  <system-out/>
  <testcase classname="DockerAssignment.SeleniumGridTest" name="CrossBrowserTest" time="20.639"/>
  <system-out/>
  <testcase classname="DockerAssignment.SeleniumGridTest" name="CrossBrowserTest" time="22.598"/>
  <system-out/>
</testsuite> <!-- DockerAssignment.SeleniumGridTest -->
